
[[Loader:]] registering autoload functions
[[Loader:]] loading class [[\Bootstrap\Components\Language]]
[[Loader:]] loading class [[\Bootstrap\Components\Session]]
[[Loader:]] loading class [[\Bootstrap\Components\Security]]
[[Loader:]] loading class [[\Bootstrap\Components\Mail]]
[[Loader:]] loading class [[\Bootstrap\Components\Encrypt]]
[[Loader:]] loading class [[\Bootstrap\Components\HTML]]
[[Session:]] cookie was found, updating the current session
[[Loader:]] loading class [[\Bootstrap\Dispatcher\Dispatcher]]
[[Dispatcher:]] loading [[/var/www/verbena/app/config/routes.php]] configuration file
[[Dispatcher:]] adding route rule for page not found (404) to [[welcome.notfound]]
[[Dispatcher:]] adding route rule [[/language/set/italian]] to [[welcome.language]]
[[Dispatcher:]] adding route rule [[/language/set/english]] to [[welcome.language]]
[[Dispatcher:]] adding route rule [[/eg-anon/with-method]] to anonymous function
[[Dispatcher:]] adding route rule [[/eg-anon]] to anonymous function
[[Dispatcher:]] founds a route rule with controller/method: [[/]]
[[Loader:]] loading class [[\App\Controllers\welcome]]
[[Loader:]] loading class [[\Bootstrap\Controllers\Controller]]
[[Loader:]] loading class [[\Bootstrap\Views\View]]
[[Loader:]] registering autoload functions
[[Loader:]] loading class [[\Bootstrap\Components\Language]]
[[Loader:]] loading class [[\Bootstrap\Components\Session]]
[[Loader:]] loading class [[\Bootstrap\Components\Security]]
[[Loader:]] loading class [[\Bootstrap\Components\Mail]]
[[Loader:]] loading class [[\Bootstrap\Components\Encrypt]]
[[Loader:]] loading class [[\Bootstrap\Components\HTML]]
[[Session:]] cookie was found, updating the current session
[[Loader:]] loading class [[\Bootstrap\Dispatcher\Dispatcher]]
[[Dispatcher:]] loading [[/var/www/verbena/app/config/routes.php]] configuration file
[[Dispatcher:]] adding route rule for page not found (404) to [[welcome.notfound]]
[[Dispatcher:]] adding route rule [[/language/set/italian]] to [[welcome.language]]
[[Dispatcher:]] adding route rule [[/language/set/english]] to [[welcome.language]]
[[Dispatcher:]] adding route rule [[/eg-anon/with-method]] to anonymous function
[[Dispatcher:]] adding route rule [[/eg-anon]] to anonymous function
[[Loader:]] loading class [[\App\Controllers\welcome]]
[[Loader:]] loading class [[\Bootstrap\Controllers\Controller]]
[[Loader:]] loading class [[\Bootstrap\Views\View]]
[[Loader:]] registering autoload functions
[[Loader:]] loading class [[\Bootstrap\Components\Language]]
[[Loader:]] loading class [[\Bootstrap\Components\Session]]
[[Loader:]] loading class [[\Bootstrap\Components\Security]]
[[Loader:]] loading class [[\Bootstrap\Components\Mail]]
[[Loader:]] loading class [[\Bootstrap\Components\Encrypt]]
[[Loader:]] loading class [[\Bootstrap\Components\HTML]]
[[Session:]] cookie was found, updating the current session
[[Loader:]] loading class [[\Bootstrap\Dispatcher\Dispatcher]]
[[Dispatcher:]] loading [[/var/www/verbena/app/config/routes.php]] configuration file
[[Dispatcher:]] adding route rule for page not found (404) to [[welcome.notfound]]
[[Dispatcher:]] adding route rule [[/language/set/italian]] to [[welcome.language]]
[[Dispatcher:]] adding route rule [[/language/set/english]] to [[welcome.language]]
[[Dispatcher:]] adding route rule [[/eg-anon/with-method]] to anonymous function
[[Dispatcher:]] adding route rule [[/eg-anon]] to anonymous function
[[Dispatcher:]] founds a route rule with controller/method: [[/]]
[[Loader:]] loading class [[\App\Controllers\welcome]]
[[Loader:]] loading class [[\Bootstrap\Controllers\Controller]]
[[Loader:]] loading class [[\Bootstrap\Views\View]]
[[Loader:]] script end with the register shutdown function
[[Loader:]] registering autoload functions
[[Loader:]] loading class [[\Bootstrap\Components\Language]]
[[Loader:]] loading class [[\Bootstrap\Components\Session]]
[[Loader:]] loading class [[\Bootstrap\Components\Security]]
[[Loader:]] loading class [[\Bootstrap\Components\Mail]]
[[Loader:]] loading class [[\Bootstrap\Components\Encrypt]]
[[Loader:]] loading class [[\Bootstrap\Components\HTML]]
[[Session:]] cookie was found, updating the current session
[[Loader:]] loading class [[\Bootstrap\Dispatcher\Dispatcher]]
[[Dispatcher:]] loading [[/var/www/verbena/app/config/routes.php]] configuration file
[[Dispatcher:]] adding route rule for page not found (404) to [[welcome.notfound]]
[[Dispatcher:]] adding route rule [[/language/set/italian]] to [[welcome.language]]
[[Dispatcher:]] adding route rule [[/language/set/english]] to [[welcome.language]]
[[Dispatcher:]] adding route rule [[/eg-anon/with-method]] to anonymous function
[[Dispatcher:]] adding route rule [[/eg-anon]] to anonymous function
[[Loader:]] loading class [[\App\Controllers\welcome]]
[[Loader:]] loading class [[\Bootstrap\Controllers\Controller]]
[[Loader:]] loading class [[\Bootstrap\Views\View]]
[[Loader:]] script end with the register shutdown function
